<?xml version="1.0" encoding="UTF-8"?>
<!-- Generated by org.testng.reporters.JUnitXMLReporter -->
<testsuite ignored="0" hostname="DESKTOP-7EUDCAL" failures="0" tests="7" name="Test" time="67.451" errors="0" timestamp="2023-03-22T22:29:41 GMT-04:00">
  <testcase classname="com.ninja.testcases.LoginTest" name="verfiyValidLogin" time="0.721"/>
  <testcase classname="com.ninja.testcases.LoginTest" name="verfiyValidLogin" time="0.67"/>
  <testcase classname="com.ninja.testcases.LoginTest" name="verfiyValidLogin" time="0.696"/>
  <testcase classname="com.ninja.testcases.LoginTest" name="verfiyValidLogin" time="0.772"/>
  <testcase classname="com.ninja.testcases.LoginTest" name="verfiyValidLogin" time="0.616"/>
  <testcase classname="com.ninja.testcases.LoginTest" name="validateWithoutCredentials" time="0.547"/>
  <testcase classname="com.ninja.testcases.LoginTest" name="verifyLoginWithInvalidCredentials" time="0.655"/>
</testsuite> <!-- Test -->
