<html>
<head>
<title>TestNG:  Test</title>
<link href="../testng.css" rel="stylesheet" type="text/css" />
<link href="../my-testng.css" rel="stylesheet" type="text/css" />

<style type="text/css">
.log { display: none;} 
.stack-trace { display: none;} 
</style>
<script type="text/javascript">
<!--
function flip(e) {
  current = e.style.display;
  if (current == 'block') {
    e.style.display = 'none';
    return 0;
  }
  else {
    e.style.display = 'block';
    return 1;
  }
}

function toggleBox(szDivId, elem, msg1, msg2)
{
  var res = -1;  if (document.getElementById) {
    res = flip(document.getElementById(szDivId));
  }
  else if (document.all) {
    // this is the way old msie versions work
    res = flip(document.all[szDivId]);
  }
  if(elem) {
    if(res == 0) elem.innerHTML = msg1; else elem.innerHTML = msg2;
  }

}

function toggleAllBoxes() {
  if (document.getElementsByTagName) {
    d = document.getElementsByTagName('div');
    for (i = 0; i < d.length; i++) {
      if (d[i].className == 'log') {
        flip(d[i]);
      }
    }
  }
}

// -->
</script>

</head>
<body>
<h2 align='center'>Test</h2><table border='1' align="center">
<tr>
<td>Tests passed/Failed/Skipped:</td><td>9/1/0</td>
</tr><tr>
<td>Started on:</td><td>Wed Mar 22 22:39:44 EDT 2023</td>
</tr>
<tr><td>Total time:</td><td>92 seconds (92156 ms)</td>
</tr><tr>
<td>Included groups:</td><td></td>
</tr><tr>
<td>Excluded groups:</td><td></td>
</tr>
</table><p/>
<small><i>(Hover the method name to see the test class name)</i></small><p/>
<table width='100%' border='1' class='invocation-failed'>
<tr><td colspan='4' align='center'><b>FAILED TESTS</b></td></tr>
<tr><td><b>Test method</b></td>
<td><b>Attribute(s)</b></td>
<td width="30%"><b>Exception</b></td>
<td width="10%"><b>Time (seconds)</b></td>
<td><b>Instance</b></td>
</tr>
<tr>
<td title='com.ninja.testcases.SearchTest.verifysearchWithoutAnyProduct()'><b>verifysearchWithoutAnyProduct</b><br>Test class: com.ninja.testcases.SearchTest</td>
<td><div><pre>java.lang.AssertionError: expected [There is no product that matches the search criter] but found [There is no product that matches the search criteria.]
	at com.ninja.testcases.SearchTest.verifysearchWithoutAnyProduct(SearchTest.java:57)
	at java.base/java.util.ArrayList.forEach(ArrayList.java:1511)
... Removed 35 stack frames</pre></div><a href='#' onClick='toggleBox("stack-trace928508130", this, "Click to show all stack frames", "Click to hide stack frames")'>Click to show all stack frames</a>
<div class='stack-trace' id='stack-trace928508130'><pre>java.lang.AssertionError: expected [There is no product that matches the search criter] but found [There is no product that matches the search criteria.]
	at org.testng.Assert.fail(Assert.java:110)
	at org.testng.Assert.failNotEquals(Assert.java:1577)
	at org.testng.Assert.assertEqualsImpl(Assert.java:149)
	at org.testng.Assert.assertEquals(Assert.java:131)
	at org.testng.Assert.assertEquals(Assert.java:655)
	at org.testng.Assert.assertEquals(Assert.java:665)
	at com.ninja.testcases.SearchTest.verifysearchWithoutAnyProduct(SearchTest.java:57)
	at java.base/jdk.internal.reflect.DirectMethodHandleAccessor.invoke(DirectMethodHandleAccessor.java:104)
	at java.base/java.lang.reflect.Method.invoke(Method.java:577)
	at org.testng.internal.invokers.MethodInvocationHelper.invokeMethod(MethodInvocationHelper.java:139)
	at org.testng.internal.invokers.TestInvoker.invokeMethod(TestInvoker.java:677)
	at org.testng.internal.invokers.TestInvoker.invokeTestMethod(TestInvoker.java:221)
	at org.testng.internal.invokers.MethodRunner.runInSequence(MethodRunner.java:50)
	at org.testng.internal.invokers.TestInvoker$MethodInvocationAgent.invoke(TestInvoker.java:969)
	at org.testng.internal.invokers.TestInvoker.invokeTestMethods(TestInvoker.java:194)
	at org.testng.internal.invokers.TestMethodWorker.invokeTestMethods(TestMethodWorker.java:148)
	at org.testng.internal.invokers.TestMethodWorker.run(TestMethodWorker.java:128)
	at java.base/java.util.ArrayList.forEach(ArrayList.java:1511)
	at org.testng.TestRunner.privateRun(TestRunner.java:829)
	at org.testng.TestRunner.run(TestRunner.java:602)
	at org.testng.SuiteRunner.runTest(SuiteRunner.java:437)
	at org.testng.SuiteRunner.runSequentially(SuiteRunner.java:431)
	at org.testng.SuiteRunner.privateRun(SuiteRunner.java:391)
	at org.testng.SuiteRunner.run(SuiteRunner.java:330)
	at org.testng.SuiteRunnerWorker.runSuite(SuiteRunnerWorker.java:52)
	at org.testng.SuiteRunnerWorker.run(SuiteRunnerWorker.java:95)
	at org.testng.TestNG.runSuitesSequentially(TestNG.java:1256)
	at org.testng.TestNG.runSuitesLocally(TestNG.java:1176)
	at org.testng.TestNG.runSuites(TestNG.java:1099)
	at org.testng.TestNG.run(TestNG.java:1067)
	at org.apache.maven.surefire.testng.TestNGExecutor.run(TestNGExecutor.java:308)
	at org.apache.maven.surefire.testng.TestNGXmlTestSuite.execute(TestNGXmlTestSuite.java:71)
	at org.apache.maven.surefire.testng.TestNGProvider.invoke(TestNGProvider.java:113)
	at org.apache.maven.surefire.booter.ForkedBooter.runSuitesInProcess(ForkedBooter.java:385)
	at org.apache.maven.surefire.booter.ForkedBooter.execute(ForkedBooter.java:162)
	at org.apache.maven.surefire.booter.ForkedBooter.run(ForkedBooter.java:507)
	at org.apache.maven.surefire.booter.ForkedBooter.main(ForkedBooter.java:495)
</pre></div></td>
<td>0</td>
<td>com.ninja.testcases.SearchTest@7b9a4292</td></tr>
</table><p>
<table width='100%' border='1' class='invocation-passed'>
<tr><td colspan='4' align='center'><b>PASSED TESTS</b></td></tr>
<tr><td><b>Test method</b></td>
<td><b>Attribute(s)</b></td>
<td width="30%"><b>Exception</b></td>
<td width="10%"><b>Time (seconds)</b></td>
<td><b>Instance</b></td>
</tr>
<tr>
<td title='com.ninja.testcases.LoginTest.verfiyValidLogin()'><b>verfiyValidLogin</b><br>Test class: com.ninja.testcases.LoginTest<br>Parameters: Andrew@hotmail.com, 12345</td>
<td></td>
<td>0</td>
<td>com.ninja.testcases.LoginTest@498d318c</td></tr>
<tr>
<td title='com.ninja.testcases.LoginTest.verfiyValidLogin()'><b>verfiyValidLogin</b><br>Test class: com.ninja.testcases.LoginTest<br>Parameters: Ray@hotmail.com, 12345</td>
<td></td>
<td>0</td>
<td>com.ninja.testcases.LoginTest@498d318c</td></tr>
<tr>
<td title='com.ninja.testcases.LoginTest.verifyLoginWithInvalidCredentials()'><b>verifyLoginWithInvalidCredentials</b><br>Test class: com.ninja.testcases.LoginTest</td>
<td></td>
<td>0</td>
<td>com.ninja.testcases.LoginTest@498d318c</td></tr>
<tr>
<td title='com.ninja.testcases.SearchTest.verifySearchWithInValidProduct()'><b>verifySearchWithInValidProduct</b><br>Test class: com.ninja.testcases.SearchTest</td>
<td></td>
<td>0</td>
<td>com.ninja.testcases.SearchTest@7b9a4292</td></tr>
<tr>
<td title='com.ninja.testcases.LoginTest.verfiyValidLogin()'><b>verfiyValidLogin</b><br>Test class: com.ninja.testcases.LoginTest<br>Parameters: Charles@hotmail.com, 12345</td>
<td></td>
<td>0</td>
<td>com.ninja.testcases.LoginTest@498d318c</td></tr>
<tr>
<td title='com.ninja.testcases.LoginTest.validateWithoutCredentials()'><b>validateWithoutCredentials</b><br>Test class: com.ninja.testcases.LoginTest</td>
<td></td>
<td>0</td>
<td>com.ninja.testcases.LoginTest@498d318c</td></tr>
<tr>
<td title='com.ninja.testcases.SearchTest.verifysearchWithValidProduct()'><b>verifysearchWithValidProduct</b><br>Test class: com.ninja.testcases.SearchTest</td>
<td></td>
<td>0</td>
<td>com.ninja.testcases.SearchTest@7b9a4292</td></tr>
<tr>
<td title='com.ninja.testcases.LoginTest.verfiyValidLogin()'><b>verfiyValidLogin</b><br>Test class: com.ninja.testcases.LoginTest<br>Parameters: Dave@hotmail.com, 12345</td>
<td></td>
<td>0</td>
<td>com.ninja.testcases.LoginTest@498d318c</td></tr>
<tr>
<td title='com.ninja.testcases.LoginTest.verfiyValidLogin()'><b>verfiyValidLogin</b><br>Test class: com.ninja.testcases.LoginTest<br>Parameters: Max@hotmail.com, 12345</td>
<td></td>
<td>0</td>
<td>com.ninja.testcases.LoginTest@498d318c</td></tr>
</table><p>
</body>
</html>