<?xml version="1.0" encoding="UTF-8"?>
<testng-results ignored="0" total="7" passed="7" failed="0" skipped="0">
  <reporter-output>
  </reporter-output>
  <suite started-at="2023-03-22T22:28:31 GMT-04:00" name="Suite" finished-at="2023-03-22T22:29:39 GMT-04:00" duration-ms="67451">
    <groups>
    </groups>
    <test started-at="2023-03-22T22:28:31 GMT-04:00" name="Test" finished-at="2023-03-22T22:29:39 GMT-04:00" duration-ms="67451">
      <class name="com.ninja.testcases.LoginTest">
        <test-method is-config="true" signature="setup()[pri:0, instance:com.ninja.testcases.LoginTest@18df8434]" started-at="2023-03-22T22:28:33 GMT-04:00" name="setup" finished-at="2023-03-22T22:28:43 GMT-04:00" duration-ms="10033" status="PASS">
          <reporter-output>
          </reporter-output>
        </test-method> <!-- setup -->
        <test-method signature="verfiyValidLogin(java.lang.String,java.lang.String)[pri:1, instance:com.ninja.testcases.LoginTest@18df8434]" started-at="2023-03-22T22:28:43 GMT-04:00" name="verfiyValidLogin" data-provider="loginData" finished-at="2023-03-22T22:28:44 GMT-04:00" duration-ms="721" status="PASS">
          <params>
            <param index="0">
              <value>
                <![CDATA[Andrew@hotmail.com]]>
              </value>
            </param>
            <param index="1">
              <value>
                <![CDATA[12345]]>
              </value>
            </param>
          </params>
          <reporter-output>
          </reporter-output>
        </test-method> <!-- verfiyValidLogin -->
        <test-method is-config="true" signature="teardown()[pri:0, instance:com.ninja.testcases.LoginTest@18df8434]" started-at="2023-03-22T22:28:44 GMT-04:00" name="teardown" finished-at="2023-03-22T22:28:45 GMT-04:00" duration-ms="1378" status="PASS">
          <reporter-output>
          </reporter-output>
        </test-method> <!-- teardown -->
        <test-method is-config="true" signature="setup()[pri:0, instance:com.ninja.testcases.LoginTest@18df8434]" started-at="2023-03-22T22:28:45 GMT-04:00" name="setup" finished-at="2023-03-22T22:28:52 GMT-04:00" duration-ms="6935" status="PASS">
          <reporter-output>
          </reporter-output>
        </test-method> <!-- setup -->
        <test-method signature="verfiyValidLogin(java.lang.String,java.lang.String)[pri:1, instance:com.ninja.testcases.LoginTest@18df8434]" started-at="2023-03-22T22:28:52 GMT-04:00" name="verfiyValidLogin" data-provider="loginData" finished-at="2023-03-22T22:28:53 GMT-04:00" duration-ms="670" status="PASS">
          <params>
            <param index="0">
              <value>
                <![CDATA[Charles@hotmail.com]]>
              </value>
            </param>
            <param index="1">
              <value>
                <![CDATA[12345]]>
              </value>
            </param>
          </params>
          <reporter-output>
          </reporter-output>
        </test-method> <!-- verfiyValidLogin -->
        <test-method is-config="true" signature="teardown()[pri:0, instance:com.ninja.testcases.LoginTest@18df8434]" started-at="2023-03-22T22:28:53 GMT-04:00" name="teardown" finished-at="2023-03-22T22:28:54 GMT-04:00" duration-ms="1341" status="PASS">
          <reporter-output>
          </reporter-output>
        </test-method> <!-- teardown -->
        <test-method is-config="true" signature="setup()[pri:0, instance:com.ninja.testcases.LoginTest@18df8434]" started-at="2023-03-22T22:28:54 GMT-04:00" name="setup" finished-at="2023-03-22T22:29:01 GMT-04:00" duration-ms="7002" status="PASS">
          <reporter-output>
          </reporter-output>
        </test-method> <!-- setup -->
        <test-method signature="verfiyValidLogin(java.lang.String,java.lang.String)[pri:1, instance:com.ninja.testcases.LoginTest@18df8434]" started-at="2023-03-22T22:29:01 GMT-04:00" name="verfiyValidLogin" data-provider="loginData" finished-at="2023-03-22T22:29:02 GMT-04:00" duration-ms="696" status="PASS">
          <params>
            <param index="0">
              <value>
                <![CDATA[Dave@hotmail.com]]>
              </value>
            </param>
            <param index="1">
              <value>
                <![CDATA[12345]]>
              </value>
            </param>
          </params>
          <reporter-output>
          </reporter-output>
        </test-method> <!-- verfiyValidLogin -->
        <test-method is-config="true" signature="teardown()[pri:0, instance:com.ninja.testcases.LoginTest@18df8434]" started-at="2023-03-22T22:29:02 GMT-04:00" name="teardown" finished-at="2023-03-22T22:29:03 GMT-04:00" duration-ms="1333" status="PASS">
          <reporter-output>
          </reporter-output>
        </test-method> <!-- teardown -->
        <test-method is-config="true" signature="setup()[pri:0, instance:com.ninja.testcases.LoginTest@18df8434]" started-at="2023-03-22T22:29:03 GMT-04:00" name="setup" finished-at="2023-03-22T22:29:10 GMT-04:00" duration-ms="6743" status="PASS">
          <reporter-output>
          </reporter-output>
        </test-method> <!-- setup -->
        <test-method signature="verfiyValidLogin(java.lang.String,java.lang.String)[pri:1, instance:com.ninja.testcases.LoginTest@18df8434]" started-at="2023-03-22T22:29:10 GMT-04:00" name="verfiyValidLogin" data-provider="loginData" finished-at="2023-03-22T22:29:10 GMT-04:00" duration-ms="772" status="PASS">
          <params>
            <param index="0">
              <value>
                <![CDATA[Max@hotmail.com]]>
              </value>
            </param>
            <param index="1">
              <value>
                <![CDATA[12345]]>
              </value>
            </param>
          </params>
          <reporter-output>
          </reporter-output>
        </test-method> <!-- verfiyValidLogin -->
        <test-method is-config="true" signature="teardown()[pri:0, instance:com.ninja.testcases.LoginTest@18df8434]" started-at="2023-03-22T22:29:10 GMT-04:00" name="teardown" finished-at="2023-03-22T22:29:12 GMT-04:00" duration-ms="1556" status="PASS">
          <reporter-output>
          </reporter-output>
        </test-method> <!-- teardown -->
        <test-method is-config="true" signature="setup()[pri:0, instance:com.ninja.testcases.LoginTest@18df8434]" started-at="2023-03-22T22:29:12 GMT-04:00" name="setup" finished-at="2023-03-22T22:29:19 GMT-04:00" duration-ms="6940" status="PASS">
          <reporter-output>
          </reporter-output>
        </test-method> <!-- setup -->
        <test-method signature="verfiyValidLogin(java.lang.String,java.lang.String)[pri:1, instance:com.ninja.testcases.LoginTest@18df8434]" started-at="2023-03-22T22:29:19 GMT-04:00" name="verfiyValidLogin" data-provider="loginData" finished-at="2023-03-22T22:29:20 GMT-04:00" duration-ms="616" status="PASS">
          <params>
            <param index="0">
              <value>
                <![CDATA[Ray@hotmail.com]]>
              </value>
            </param>
            <param index="1">
              <value>
                <![CDATA[12345]]>
              </value>
            </param>
          </params>
          <reporter-output>
          </reporter-output>
        </test-method> <!-- verfiyValidLogin -->
        <test-method is-config="true" signature="teardown()[pri:0, instance:com.ninja.testcases.LoginTest@18df8434]" started-at="2023-03-22T22:29:20 GMT-04:00" name="teardown" finished-at="2023-03-22T22:29:21 GMT-04:00" duration-ms="1317" status="PASS">
          <reporter-output>
          </reporter-output>
        </test-method> <!-- teardown -->
        <test-method is-config="true" signature="setup()[pri:0, instance:com.ninja.testcases.LoginTest@18df8434]" started-at="2023-03-22T22:29:21 GMT-04:00" name="setup" finished-at="2023-03-22T22:29:28 GMT-04:00" duration-ms="6917" status="PASS">
          <reporter-output>
          </reporter-output>
        </test-method> <!-- setup -->
        <test-method signature="validateWithoutCredentials()[pri:2, instance:com.ninja.testcases.LoginTest@18df8434]" started-at="2023-03-22T22:29:28 GMT-04:00" name="validateWithoutCredentials" finished-at="2023-03-22T22:29:28 GMT-04:00" duration-ms="547" status="PASS">
          <reporter-output>
          </reporter-output>
        </test-method> <!-- validateWithoutCredentials -->
        <test-method is-config="true" signature="teardown()[pri:0, instance:com.ninja.testcases.LoginTest@18df8434]" started-at="2023-03-22T22:29:28 GMT-04:00" name="teardown" finished-at="2023-03-22T22:29:30 GMT-04:00" duration-ms="1546" status="PASS">
          <reporter-output>
          </reporter-output>
        </test-method> <!-- teardown -->
        <test-method is-config="true" signature="setup()[pri:0, instance:com.ninja.testcases.LoginTest@18df8434]" started-at="2023-03-22T22:29:30 GMT-04:00" name="setup" finished-at="2023-03-22T22:29:37 GMT-04:00" duration-ms="6825" status="PASS">
          <reporter-output>
          </reporter-output>
        </test-method> <!-- setup -->
        <test-method signature="verifyLoginWithInvalidCredentials()[pri:3, instance:com.ninja.testcases.LoginTest@18df8434]" started-at="2023-03-22T22:29:37 GMT-04:00" name="verifyLoginWithInvalidCredentials" finished-at="2023-03-22T22:29:37 GMT-04:00" duration-ms="655" status="PASS">
          <reporter-output>
          </reporter-output>
        </test-method> <!-- verifyLoginWithInvalidCredentials -->
        <test-method is-config="true" signature="teardown()[pri:0, instance:com.ninja.testcases.LoginTest@18df8434]" started-at="2023-03-22T22:29:37 GMT-04:00" name="teardown" finished-at="2023-03-22T22:29:39 GMT-04:00" duration-ms="1385" status="PASS">
          <reporter-output>
          </reporter-output>
        </test-method> <!-- teardown -->
      </class> <!-- com.ninja.testcases.LoginTest -->
    </test> <!-- Test -->
  </suite> <!-- Suite -->
</testng-results>
